<?xml version="1.0" encoding="utf-8"?><testsuites name="pytest tests"><testsuite name="pytest" errors="0" failures="1" skipped="0" tests="21" time="27.742" timestamp="2026-08-15T13:35:24.572240+00:00" hostname="agent-env-64e530c0-bcc6-4b95-ac59-6d23d80659c7"><testcase classname="tests.test_auth_rbac" name="test_auth_accounts_lists_six_seeded" time="0.309" /><testcase classname="tests.test_auth_rbac" name="test_login_success_each_role[super_admin]" time="0.387" /><testcase classname="tests.test_auth_rbac" name="test_login_success_each_role[control_admin]" time="0.364" /><testcase classname="tests.test_auth_rbac" name="test_login_success_each_role[senior_officer]" time="0.359" /><testcase classname="tests.test_auth_rbac" name="test_login_success_each_role[zone_officer]" time="0.417" /><testcase classname="tests.test_auth_rbac" name="test_login_success_each_role[dispatch_officer]" time="0.354" /><testcase classname="tests.test_auth_rbac" name="test_login_success_each_role[viewer]" time="0.347" /><testcase classname="tests.test_auth_rbac" name="test_login_wrong_password_401_and_audits" time="0.806" /><testcase classname="tests.test_auth_rbac" name="test_auth_me_bearer" time="0.538" /><testcase classname="tests.test_auth_rbac" name="test_auth_me_cookie" time="0.399" /><testcase classname="tests.test_auth_rbac" name="test_auth_me_unauth" time="0.117" /><testcase classname="tests.test_auth_rbac" name="test_rbac_users_viewer_forbidden_super_allowed" time="0.954" /><testcase classname="tests.test_auth_rbac" name="test_rbac_audit_viewer_forbidden_super_allowed" time="0.896" /><testcase classname="tests.test_auth_rbac" name="test_signal_override_recorded_in_audit" time="1.143" /><testcase classname="tests.test_auth_rbac" name="test_junctions_endpoint" time="0.140" /><testcase classname="tests.test_auth_rbac" name="test_drones_endpoint" time="0.108" /><testcase classname="tests.test_auth_rbac" name="test_cameras_endpoint" time="0.135" /><testcase classname="tests.test_auth_rbac" name="test_simulation_vehicle_motion_over_time" time="12.373"><failure message="AssertionError: only 0/240 vehicles moved&#10;assert (0 / 240) &gt; 0.3&#10; +  where 240 = max(1, 240)&#10; +    where 240 = len({'veh-0001', 'veh-0002', 'veh-0003', 'veh-0004', 'veh-0005', 'veh-0006', ...})">tests/test_auth_rbac.py:174: in test_simulation_vehicle_motion_over_time
    assert changed / max(1, len(common)) &gt; 0.3, f"only {changed}/{len(common)} vehicles moved"
E   AssertionError: only 0/240 vehicles moved
E   assert (0 / 240) &gt; 0.3
E    +  where 240 = max(1, 240)
E    +    where 240 = len({'veh-0001', 'veh-0002', 'veh-0003', 'veh-0004', 'veh-0005', 'veh-0006', ...})</failure></testcase><testcase classname="tests.test_auth_rbac" name="test_scenario_cricket_shifts_congestion" time="5.479" /><testcase classname="tests.test_auth_rbac" name="test_user_deactivate_reactivate_lifecycle" time="1.389" /><testcase classname="tests.test_auth_rbac" name="test_user_admin_invalid_and_missing_ids" time="0.604" /></testsuite></testsuites>