<?xml version="1.0" encoding="utf-8"?><testsuites name="pytest tests"><testsuite name="pytest" errors="0" failures="0" skipped="0" tests="26" time="5.668" timestamp="2026-08-16T13:13:01.069503+00:00" hostname="agent-env-64e530c0-bcc6-4b95-ac59-6d23d80659c7"><testcase classname="tests.test_iter9_workspaces" name="test_domains_list" time="0.178" /><testcase classname="tests.test_iter9_workspaces" name="test_twin_snapshot[hospital]" time="0.046" /><testcase classname="tests.test_iter9_workspaces" name="test_twin_snapshot[building]" time="0.045" /><testcase classname="tests.test_iter9_workspaces" name="test_twin_snapshot[industrial]" time="0.045" /><testcase classname="tests.test_iter9_workspaces" name="test_twin_snapshot[energy]" time="0.046" /><testcase classname="tests.test_iter9_workspaces" name="test_twin_snapshot[water]" time="0.044" /><testcase classname="tests.test_iter9_workspaces" name="test_hospital_icu_beds_18" time="0.044" /><testcase classname="tests.test_iter9_workspaces" name="test_hospital_er_queue_populated" time="0.045" /><testcase classname="tests.test_iter9_workspaces" name="test_hospital_icu_bed_discharge" time="0.161" /><testcase classname="tests.test_iter9_workspaces" name="test_hospital_ward_offline_restore" time="0.194" /><testcase classname="tests.test_iter9_workspaces" name="test_hospital_ambulance_dispatch" time="0.131" /><testcase classname="tests.test_iter9_workspaces" name="test_energy_substation_isolate_cascades" time="0.136" /><testcase classname="tests.test_iter9_workspaces" name="test_energy_feeder_deenergize" time="0.161" /><testcase classname="tests.test_iter9_workspaces" name="test_water_valve_close_open" time="0.144" /><testcase classname="tests.test_iter9_workspaces" name="test_water_pump_stop_start" time="0.135" /><testcase classname="tests.test_iter9_workspaces" name="test_building_hvac_setpoint" time="0.088" /><testcase classname="tests.test_iter9_workspaces" name="test_building_elevator_maintenance_restore" time="0.129" /><testcase classname="tests.test_iter9_workspaces" name="test_industrial_machine_stop_restart" time="0.136" /><testcase classname="tests.test_iter9_workspaces" name="test_history_has_frames[hospital]" time="0.056" /><testcase classname="tests.test_iter9_workspaces" name="test_history_has_frames[energy]" time="0.047" /><testcase classname="tests.test_iter9_workspaces" name="test_history_has_frames[water]" time="0.055" /><testcase classname="tests.test_iter9_workspaces" name="test_history_has_frames[building]" time="0.048" /><testcase classname="tests.test_iter9_workspaces" name="test_history_has_frames[industrial]" time="0.058" /><testcase classname="tests.test_iter9_workspaces" name="test_prometheus_metrics" time="0.042" /><testcase classname="tests.test_iter9_workspaces" name="test_hospital_tick_increases" time="3.102" /><testcase classname="tests.test_iter9_workspaces" name="test_ws_domain_snapshot_envelopes" time="0.264" /></testsuite></testsuites>