<?xml version="1.0" encoding="utf-8"?><testsuites name="pytest tests"><testsuite name="pytest" errors="0" failures="0" skipped="0" tests="17" time="15.065" timestamp="2026-08-16T14:13:49.995899+00:00" hostname="agent-env-64e530c0-bcc6-4b95-ac59-6d23d80659c7"><testcase classname="tests.test_iter11_rbac" name="test_unauth_twin_read_401" time="0.282" /><testcase classname="tests.test_iter11_rbac" name="test_hospital_op_reads" time="2.286" /><testcase classname="tests.test_iter11_rbac" name="test_energy_op_reads" time="0.636" /><testcase classname="tests.test_iter11_rbac" name="test_traffic_op_reads" time="0.321" /><testcase classname="tests.test_iter11_rbac" name="test_viewer_reads" time="0.327" /><testcase classname="tests.test_iter11_rbac" name="test_super_reads_all" time="0.809" /><testcase classname="tests.test_iter11_rbac" name="test_hospital_op_cross_domain_action_forbidden" time="0.098" /><testcase classname="tests.test_iter11_rbac" name="test_viewer_action_forbidden_own_domain" time="0.095" /><testcase classname="tests.test_iter11_rbac" name="test_viewer_traffic_action_forbidden" time="0.128" /><testcase classname="tests.test_iter11_rbac" name="test_super_energy_isolate" time="0.122" /><testcase classname="tests.test_iter11_rbac" name="test_history_rbac" time="0.595" /><testcase classname="tests.test_iter11_rbac" name="test_sim_control_rbac" time="0.199" /><testcase classname="tests.test_iter11_rbac" name="test_aira_cross_domain_refused" time="0.101" /><testcase classname="tests.test_iter11_rbac" name="test_aira_own_domain_ok" time="2.260" /><testcase classname="tests.test_iter11_rbac" name="test_ws_hospital_only_hospital" time="2.705" /><testcase classname="tests.test_iter11_rbac" name="test_ws_super_all_domains" time="3.840" /><testcase classname="tests.test_iter11_rbac" name="test_ws_unauth_rejected" time="0.178" /></testsuite></testsuites>