<?xml version="1.0" encoding="utf-8"?><testsuites name="pytest tests"><testsuite name="pytest" errors="0" failures="0" skipped="2" tests="15" time="5.474" timestamp="2026-08-16T13:44:30.740941+00:00" hostname="agent-env-64e530c0-bcc6-4b95-ac59-6d23d80659c7"><testcase classname="tests.test_iter10_rebrand" name="test_new_seed_accounts_login[super@twin.platform-super_admin-domains0]" time="0.362" /><testcase classname="tests.test_iter10_rebrand" name="test_new_seed_accounts_login[platform@twin.platform-platform_operator-domains1]" time="0.327" /><testcase classname="tests.test_iter10_rebrand" name="test_new_seed_accounts_login[traffic@twin.platform-traffic_operator-domains2]" time="0.319" /><testcase classname="tests.test_iter10_rebrand" name="test_new_seed_accounts_login[hospital@twin.platform-hospital_operator-domains3]" time="0.330" /><testcase classname="tests.test_iter10_rebrand" name="test_new_seed_accounts_login[building@twin.platform-building_operator-domains4]" time="0.318" /><testcase classname="tests.test_iter10_rebrand" name="test_new_seed_accounts_login[industrial@twin.platform-industrial_operator-domains5]" time="0.355" /><testcase classname="tests.test_iter10_rebrand" name="test_new_seed_accounts_login[energy@twin.platform-energy_operator-domains6]" time="0.316" /><testcase classname="tests.test_iter10_rebrand" name="test_new_seed_accounts_login[water@twin.platform-water_operator-domains7]" time="0.333" /><testcase classname="tests.test_iter10_rebrand" name="test_new_seed_accounts_login[viewer@twin.platform-viewer-domains8]" time="0.319" /><testcase classname="tests.test_iter10_rebrand" name="test_legacy_hyderabad_accounts_removed" time="0.313" /><testcase classname="tests.test_iter10_rebrand" name="test_auth_accounts_endpoint_returns_9_new" time="0.118" /><testcase classname="tests.test_iter10_rebrand" name="test_auth_roles_has_9_roles_with_domains" time="0.109" /><testcase classname="tests.test_iter10_rebrand" name="test_hospital_operator_cannot_execute_energy_action" time="0.531"><skipped type="pytest.xfail" message="Backend /api/twins/{domain}/action has NO auth/RBAC. RBAC is enforced client-side only. Reported as code review comment." /></testcase><testcase classname="tests.test_iter10_rebrand" name="test_viewer_cannot_execute_water_action" time="0.533"><skipped type="pytest.xfail" message="Backend /api/twins/{domain}/action has NO auth/RBAC. Viewer can call it directly." /></testcase><testcase classname="tests.test_iter10_rebrand" name="test_super_admin_can_execute_water_action_end_to_end" time="0.803" /></testsuite></testsuites>