<?xml version="1.0" encoding="utf-8"?><testsuites name="pytest tests"><testsuite name="pytest" errors="0" failures="0" skipped="0" tests="28" time="19.903" timestamp="2026-08-16T12:26:13.468078+00:00" hostname="agent-env-64e530c0-bcc6-4b95-ac59-6d23d80659c7"><testcase classname="tests.test_twins_domains" name="test_list_domains_order_and_shape" time="0.169" /><testcase classname="tests.test_twins_domains" name="test_get_domain_single_and_404" time="0.233" /><testcase classname="tests.test_twins_domains" name="test_twin_hospital_snapshot_shape" time="0.102" /><testcase classname="tests.test_twins_domains" name="test_twin_building_snapshot_shape" time="0.137" /><testcase classname="tests.test_twins_domains" name="test_starter_domains_snapshot[industrial]" time="0.181" /><testcase classname="tests.test_twins_domains" name="test_starter_domains_snapshot[energy]" time="0.145" /><testcase classname="tests.test_twins_domains" name="test_starter_domains_snapshot[water]" time="0.103" /><testcase classname="tests.test_twins_domains" name="test_traffic_twin_note_and_sim_400" time="0.247" /><testcase classname="tests.test_twins_domains" name="test_hospital_scenario_switch_propagates" time="6.993" /><testcase classname="tests.test_twins_domains" name="test_hospital_pause_stops_tick" time="5.424" /><testcase classname="tests.test_twins_domains" name="test_hospital_invalid_scenario_400" time="0.121" /><testcase classname="tests.test_twins_domains" name="test_unknown_domain_sim_404" time="0.100" /><testcase classname="tests.test_twins_domains" name="test_building_reset_zeroes_tick" time="3.314" /><testcase classname="tests.test_twins_domains" name="test_data_sources_list_and_no_false_live" time="0.137" /><testcase classname="tests.test_twins_domains" name="test_traffic_regression_public[/health]" time="0.099" /><testcase classname="tests.test_twins_domains" name="test_traffic_regression_public[/overview]" time="0.113" /><testcase classname="tests.test_twins_domains" name="test_traffic_regression_public[/roads]" time="0.105" /><testcase classname="tests.test_twins_domains" name="test_traffic_regression_public[/vehicles]" time="0.119" /><testcase classname="tests.test_twins_domains" name="test_traffic_regression_public[/heatmap]" time="0.096" /><testcase classname="tests.test_twins_domains" name="test_traffic_regression_public[/predictions]" time="0.105" /><testcase classname="tests.test_twins_domains" name="test_traffic_regression_public[/incidents]" time="0.094" /><testcase classname="tests.test_twins_domains" name="test_traffic_regression_public[/replay/corridors]" time="0.097" /><testcase classname="tests.test_twins_domains" name="test_traffic_regression_public[/system/health]" time="0.129" /><testcase classname="tests.test_twins_domains" name="test_traffic_regression_public[/junctions]" time="0.095" /><testcase classname="tests.test_twins_domains" name="test_traffic_regression_public[/drones]" time="0.113" /><testcase classname="tests.test_twins_domains" name="test_traffic_regression_public[/cameras]" time="0.136" /><testcase classname="tests.test_twins_domains" name="test_auth_login_super" time="0.344" /><testcase classname="tests.test_twins_domains" name="test_users_and_audit_require_auth" time="0.757" /></testsuite></testsuites>