<?xml version="1.0" encoding="utf-8"?><testsuites name="pytest tests"><testsuite name="pytest" errors="0" failures="0" skipped="0" tests="6" time="3.573" timestamp="2026-08-15T12:04:29.249398+00:00" hostname="agent-env-64e530c0-bcc6-4b95-ac59-6d23d80659c7"><testcase classname="tests.test_traffic_api" name="test_core_gets" time="0.478" /><testcase classname="tests.test_traffic_api" name="test_incident_lifecycle" time="0.128" /><testcase classname="tests.test_traffic_api" name="test_emergency_route" time="0.045" /><testcase classname="tests.test_traffic_api" name="test_simulation_control" time="0.082" /><testcase classname="tests.test_traffic_api" name="test_assistant_fallback_or_stream" time="2.352" /><testcase classname="tests.test_traffic_api" name="test_websocket_snapshot" time="0.179" /></testsuite></testsuites>