<?xml version="1.0" encoding="utf-8"?><testsuites name="pytest tests"><testsuite name="pytest" errors="0" failures="0" skipped="0" tests="10" time="5.897" timestamp="2026-08-15T12:31:05.716018+00:00" hostname="agent-env-64e530c0-bcc6-4b95-ac59-6d23d80659c7"><testcase classname="tests.test_traffic_api" name="test_core_gets" time="0.843" /><testcase classname="tests.test_traffic_api" name="test_incident_lifecycle" time="0.148" /><testcase classname="tests.test_traffic_api" name="test_emergency_route" time="0.042" /><testcase classname="tests.test_traffic_api" name="test_live_status_seeded" time="0.052" /><testcase classname="tests.test_traffic_api" name="test_traffic_snapshot_seeded" time="0.085" /><testcase classname="tests.test_traffic_api" name="test_weather_seeded" time="0.043" /><testcase classname="tests.test_traffic_api" name="test_health_ok" time="0.046" /><testcase classname="tests.test_traffic_api" name="test_simulation_control" time="0.090" /><testcase classname="tests.test_traffic_api" name="test_assistant_fallback_or_stream" time="4.020" /><testcase classname="tests.test_traffic_api" name="test_websocket_snapshot" time="0.208" /></testsuite></testsuites>