<?xml version="1.0" encoding="utf-8"?><testsuites name="pytest tests"><testsuite name="pytest" errors="0" failures="1" skipped="0" tests="29" time="19.870" timestamp="2026-08-16T11:58:50.363526+00:00" hostname="agent-env-64e530c0-bcc6-4b95-ac59-6d23d80659c7"><testcase classname="tests.test_twins_domains" name="test_list_domains_order_and_shape" time="0.286" /><testcase classname="tests.test_twins_domains" name="test_get_domain_single_and_404" time="0.279" /><testcase classname="tests.test_twins_domains" name="test_twin_hospital_snapshot_shape" time="0.096" /><testcase classname="tests.test_twins_domains" name="test_twin_building_snapshot_shape" time="0.132" /><testcase classname="tests.test_twins_domains" name="test_starter_domains_snapshot[industrial]" time="0.091" /><testcase classname="tests.test_twins_domains" name="test_starter_domains_snapshot[energy]" time="0.177" /><testcase classname="tests.test_twins_domains" name="test_starter_domains_snapshot[water]" time="0.099" /><testcase classname="tests.test_twins_domains" name="test_traffic_twin_note_and_sim_400" time="0.261" /><testcase classname="tests.test_twins_domains" name="test_hospital_scenario_switch_propagates" time="6.940" /><testcase classname="tests.test_twins_domains" name="test_hospital_pause_stops_tick" time="5.452" /><testcase classname="tests.test_twins_domains" name="test_hospital_invalid_scenario_400" time="0.099" /><testcase classname="tests.test_twins_domains" name="test_unknown_domain_sim_404" time="0.095" /><testcase classname="tests.test_twins_domains" name="test_building_reset_zeroes_tick" time="3.330" /><testcase classname="tests.test_twins_domains" name="test_data_sources_list_and_no_false_live" time="0.096" /><testcase classname="tests.test_twins_domains" name="test_traffic_regression_public[/health]" time="0.103" /><testcase classname="tests.test_twins_domains" name="test_traffic_regression_public[/overview]" time="0.105" /><testcase classname="tests.test_twins_domains" name="test_traffic_regression_public[/roads]" time="0.100" /><testcase classname="tests.test_twins_domains" name="test_traffic_regression_public[/vehicles]" time="0.111" /><testcase classname="tests.test_twins_domains" name="test_traffic_regression_public[/heatmap]" time="0.096" /><testcase classname="tests.test_twins_domains" name="test_traffic_regression_public[/predictions]" time="0.095" /><testcase classname="tests.test_twins_domains" name="test_traffic_regression_public[/incidents]" time="0.094" /><testcase classname="tests.test_twins_domains" name="test_traffic_regression_public[/emergency/routes]" time="0.103"><failure message="AssertionError: /emergency/routes -&gt; 405: {&quot;detail&quot;:&quot;Method Not Allowed&quot;}&#10;assert 405 == 200&#10; +  where 405 = &lt;Response [405]&gt;.status_code">tests/test_twins_domains.py:162: in test_traffic_regression_public
    assert r.status_code == 200, f"{path} -&gt; {r.status_code}: {r.text[:200]}"
E   AssertionError: /emergency/routes -&gt; 405: {"detail":"Method Not Allowed"}
E   assert 405 == 200
E    +  where 405 = &lt;Response [405]&gt;.status_code</failure></testcase><testcase classname="tests.test_twins_domains" name="test_traffic_regression_public[/replay/corridors]" time="0.100" /><testcase classname="tests.test_twins_domains" name="test_traffic_regression_public[/system/health]" time="0.095" /><testcase classname="tests.test_twins_domains" name="test_traffic_regression_public[/junctions]" time="0.092" /><testcase classname="tests.test_twins_domains" name="test_traffic_regression_public[/drones]" time="0.095" /><testcase classname="tests.test_twins_domains" name="test_traffic_regression_public[/cameras]" time="0.123" /><testcase classname="tests.test_twins_domains" name="test_auth_login_super" time="0.318" /><testcase classname="tests.test_twins_domains" name="test_users_and_audit_require_auth" time="0.702" /></testsuite></testsuites>